2025-07-13 18:13:06,457 - standalone_runner - INFO - Using data directory: ./data
2025-07-13 18:13:06,458 - standalone_runner - INFO - Using output directory: ./analysis_outputs
2025-07-13 18:13:06,458 - standalone_runner - INFO - Cache update mode: disabled
2025-07-13 18:13:06,458 - similarity - INFO - Loaded 24 cached similarity scores
2025-07-13 18:13:06,458 - standalone_runner - INFO - Standalone MAUDE Analyzer initialized
2025-07-13 18:13:06,458 - standalone_runner - INFO - Checking data availability in: ./data
2025-07-13 18:13:06,458 - database - INFO - Loading 114 JSON files
2025-07-13 18:13:06,489 - database - INFO - Successfully loaded data for 113 tables
2025-07-13 18:13:06,489 - standalone_runner - INFO - Found data for 113 tables
2025-07-13 18:13:06,489 - similarity - INFO - Loaded 24 cached similarity scores
2025-07-13 18:13:06,489 - standalone_runner - INFO - Using cache file: ./data/similarity_cache.json
2025-07-13 18:13:06,489 - standalone_runner - INFO - Using manual grouping file: ./data/manual_grouping.json
2025-07-13 18:13:06,489 - standalone_runner - INFO - File paths adjusted - Data: ./data, Output: ./analysis_outputs
2025-07-13 18:13:06,489 - __main__ - INFO - 开始聚类分析...
2025-07-13 18:13:06,489 - standalone_runner - INFO - Starting clustering analysis
2025-07-13 18:13:06,489 - database - INFO - Loading 114 JSON files
2025-07-13 18:13:06,497 - database - INFO - Successfully loaded data for 113 tables
2025-07-13 18:13:06,497 - database - INFO - Loading 114 JSON files
2025-07-13 18:13:06,501 - database - INFO - Successfully loaded data for 113 tables
2025-07-13 18:13:06,502 - database - INFO - Generated descriptions for 113 tables
2025-07-13 18:13:06,502 - standalone_runner - INFO - Processing with feature method: tfidf
2025-07-13 18:13:06,502 - features - INFO - Starting feature processing with method: tfidf
2025-07-13 18:13:06,517 - features - INFO - TF-IDF feature extraction completed. Shape: (113, 5000)
2025-07-13 18:13:06,519 - features - INFO - Extracted structured features for 113 tables
2025-07-13 18:13:06,519 - features - INFO - Combined features shape: (113, 5009)
2025-07-13 18:13:06,588 - features - INFO - PCA applied: (113, 5009) -> (113, 100), explained variance: 0.977
2025-07-13 18:13:06,588 - features - INFO - Feature processing completed. Final shape: (113, 100)
2025-07-13 18:13:06,588 - standalone_runner - INFO - Running clustering: kmeans_manual with param 3
2025-07-13 18:13:06,623 - clustering - INFO - K-Means clustering completed with 3 clusters
2025-07-13 18:13:06,623 - clustering - INFO - Clustering with kmeans_manual (param: 3) resulted in 3 clusters
2025-07-13 18:13:06,624 - evaluation - INFO - Loaded manual grouping for 113 tables from ./data/manual_grouping.json
2025-07-13 18:13:06,629 - evaluation - INFO - Added experiment result: clustering_only - kmeans_manual
2025-07-13 18:13:06,632 - evaluation - INFO - Saved grouping results to './analysis_outputs/groupings_kmeans_manual_param_3.csv'
2025-07-13 18:13:06,632 - standalone_runner - INFO - Running similarity analysis with threshold: 0.7
2025-07-13 18:13:06,633 - similarity - INFO - Generated 6105 table pairs from 3 clusters
2025-07-13 18:13:07,741 - similarity - INFO - Pre-filtering reduced pairs from 6105 to 1404
2025-07-13 18:13:07,742 - similarity - INFO - Processing 1381 uncached pairs (23 from cache)
