2025-07-13 17:33:19,053 - standalone_runner - INFO - Using data directory: ./data
2025-07-13 17:33:19,053 - standalone_runner - INFO - Using output directory: ./analysis_outputs
2025-07-13 17:33:19,053 - similarity - INFO - Loaded 1425 cached similarity scores
2025-07-13 17:33:19,053 - standalone_runner - INFO - Standalone MAUDE Analyzer initialized
2025-07-13 17:33:29,699 - standalone_runner - INFO - Using data directory: ./data
2025-07-13 17:33:29,699 - standalone_runner - INFO - Using output directory: ./analysis_outputs
2025-07-13 17:33:29,700 - similarity - INFO - Loaded 1425 cached similarity scores
2025-07-13 17:33:29,700 - standalone_runner - INFO - Standalone MAUDE Analyzer initialized
2025-07-13 17:33:29,700 - database - INFO - Loading 113 JSON files
2025-07-13 17:33:29,718 - database - INFO - Successfully loaded data for 113 tables
2025-07-13 17:33:29,718 - standalone_runner - INFO - Generating merged table schemas from best results
2025-07-13 17:33:29,719 - table_merger - INFO - Selected 0 best experiments for schema merging
2025-07-13 17:33:29,720 - standalone_runner - INFO - Schema merging completed successfully
2025-07-13 17:33:47,494 - standalone_runner - INFO - Using data directory: ./data
2025-07-13 17:33:47,494 - standalone_runner - INFO - Using output directory: ./analysis_outputs
2025-07-13 17:33:47,495 - similarity - INFO - Loaded 1425 cached similarity scores
2025-07-13 17:33:47,495 - standalone_runner - INFO - Standalone MAUDE Analyzer initialized
2025-07-13 17:33:47,495 - database - INFO - Loading 0 JSON files
2025-07-13 17:33:47,516 - database - INFO - Successfully loaded data for 0 tables
2025-07-13 17:33:47,517 - standalone_runner - INFO - Reconstructed 14 clusters from groupings_hierarchical_sim_0.8_param_1.2.csv
2025-07-13 17:33:47,517 - table_merger - INFO - Created 14 merged schemas from 14 clusters
2025-07-13 17:33:47,517 - table_merger - INFO - Saved merged schemas to: ./merged_schemas/merged_schemas_hierarchical_tfidf_sim0.8_param1.2.json
2025-07-13 17:33:47,517 - table_merger - INFO - Created merge summary report: ./analysis_outputs/merge_summary_hierarchical_sim0.8_param1.2.txt
2025-07-13 17:34:34,169 - standalone_runner - INFO - Using data directory: ./data
2025-07-13 17:34:34,169 - standalone_runner - INFO - Using output directory: ./analysis_outputs
2025-07-13 17:34:34,170 - similarity - INFO - Loaded 1425 cached similarity scores
2025-07-13 17:34:34,170 - standalone_runner - INFO - Standalone MAUDE Analyzer initialized
2025-07-13 17:34:34,170 - database - INFO - Loading 113 JSON files
2025-07-13 17:34:34,187 - database - INFO - Successfully loaded data for 113 tables
2025-07-13 17:34:34,187 - standalone_runner - INFO - Reconstructed 14 clusters from groupings_hierarchical_sim_0.8_param_1.2.csv
2025-07-13 17:34:34,189 - table_merger - INFO - Created 14 merged schemas from 14 clusters
2025-07-13 17:34:34,191 - table_merger - INFO - Saved merged schemas to: ./merged_schemas/merged_schemas_hierarchical_tfidf_sim0.8_param1.2.json
2025-07-13 17:34:34,191 - table_merger - INFO - Created merge summary report: ./analysis_outputs/merge_summary_hierarchical_sim0.8_param1.2.txt
2025-07-13 18:01:52,094 - standalone_runner - INFO - Using data directory: ./data
2025-07-13 18:01:52,094 - standalone_runner - INFO - Using output directory: ./analysis_outputs
2025-07-13 18:01:52,094 - standalone_runner - INFO - Cache update mode: enabled
2025-07-13 18:01:52,095 - similarity - INFO - Loaded 24 cached similarity scores
2025-07-13 18:01:52,095 - standalone_runner - INFO - Standalone MAUDE Analyzer initialized
2025-07-13 18:01:52,095 - standalone_runner - INFO - Using data directory: ./data
2025-07-13 18:01:52,095 - standalone_runner - INFO - Using output directory: ./analysis_outputs
2025-07-13 18:01:52,095 - standalone_runner - INFO - Cache update mode: disabled
2025-07-13 18:01:52,095 - similarity - INFO - Loaded 24 cached similarity scores
2025-07-13 18:01:52,095 - standalone_runner - INFO - Standalone MAUDE Analyzer initialized
